<?xml version="1.0" encoding="UTF-8"?>
<robot generator="Robot 6.0.1 (Python 3.11.1 on win32)" generated="20221216 20:21:28.423" rpa="false" schemaversion="3">
<suite id="s1" name="homeEscolaTestes" source="C:\Users\leand\Desktop\Projeto Git Didatikos\didatikos_automation_test_web\Didatikos\tests\homeEscolaTestes.robot">
<test id="s1-t1" name="Validar Quadro de Aulas" line="17">
<kw name="Iniciar testes" library="baseTestes" type="SETUP">
<kw name="Set Browser Timeout" library="Browser">
<var>${old_timeout}</var>
<arg>30 seconds</arg>
<tag>Config</tag>
<tag>Setter</tag>
<doc>Sets the timeout used by most input and getter keywords.</doc>
<msg timestamp="20221216 20:21:29.795" level="INFO">${old_timeout} = 10 seconds</msg>
<status status="PASS" starttime="20221216 20:21:29.788" endtime="20221216 20:21:29.795"/>
</kw>
<kw name="Open Browser" library="Browser">
<arg>http://didatikos-hmg.didatikos.com.br/ava/login</arg>
<arg>headless=False</arg>
<tag>BrowserControl</tag>
<tag>Setter</tag>
<doc>Opens a new browser instance. Use this keyword for quick experiments or debugging sessions.</doc>
<msg timestamp="20221216 20:21:29.796" level="WARN">Open Browser is for quick experimentation and debugging only. Use New Page for production.</msg>
<msg timestamp="20221216 20:21:29.797" level="INFO">{"browser": "chromium", "headless": false, "devtools": false, "handleSIGHUP": true, "handleSIGINT": true, "handleSIGTERM": true, "slowMo": 0.0, "timeout": 30000.0, "deprecated_pos_args": [], "tracesDir": "C:\\Users\\leand\\Desktop\\Projeto Git Didatikos\\didatikos_automation_test_web\\Didatikos\\logs\\browser\\traces\\460d8f14-821c-48bc-88d3-9c79fdf24db3"}</msg>
<msg timestamp="20221216 20:21:31.211" level="INFO">Successfully created browser with options: {"browser":"chromium","headless":false,"devtools":false,"handleSIGHUP":true,"handleSIGINT":true,"handleSIGTERM":true,"slowMo":0,"timeout":30000,"deprecated_pos_args":[],"tracesDir":"C:\\Users\\leand\\Desktop\\Projeto Git Didatikos\\didatikos_automation_test_web\\Didatikos\\logs\\browser\\traces\\460d8f14-821c-48bc-88d3-9c79fdf24db3"}</msg>
<msg timestamp="20221216 20:21:31.212" level="INFO">{
  "acceptDownloads": true,
  "bypassCSP": true,
  "forcedColors": "none",
  "hideRfBrowser": false,
  "ignoreHTTPSErrors": false,
  "javaScriptEnabled": true,
  "offline": false,
  "reducedMotion": "no-preference",
  "viewport": {
    "width": 1280,
    "height": 720
  },
  "deprecated_pos_args": []
}</msg>
<msg timestamp="20221216 20:21:31.228" level="INFO">Successfully created context. </msg>
<msg timestamp="20221216 20:21:31.228" level="INFO">{'acceptDownloads': True, 'bypassCSP': True, 'forcedColors': 'none', 'hideRfBrowser': False, 'ignoreHTTPSErrors': False, 'javaScriptEnabled': True, 'offline': False, 'reducedMotion': 'no-preference', 'viewport': {'width': 1280, 'height': 720}, 'deprecated_pos_args': []}</msg>
<msg timestamp="20221216 20:21:34.821" level="INFO">Successfully initialized new page object and opened url: http://didatikos-hmg.didatikos.com.br/ava/login</msg>
<status status="PASS" starttime="20221216 20:21:29.796" endtime="20221216 20:21:34.822"/>
</kw>
<kw name="Set Browser Timeout" library="Browser">
<arg>${old_timeout}</arg>
<tag>Config</tag>
<tag>Setter</tag>
<doc>Sets the timeout used by most input and getter keywords.</doc>
<msg timestamp="20221216 20:21:34.827" level="INFO">Set timeout to: 10000</msg>
<status status="PASS" starttime="20221216 20:21:34.822" endtime="20221216 20:21:34.827"/>
</kw>
<status status="PASS" starttime="20221216 20:21:29.788" endtime="20221216 20:21:34.827"/>
</kw>
<kw name="Login com perfil Escola" library="loginPage">
<kw name="Preencher login" library="loginPage">
<arg>didatikoseduca@gmail.com</arg>
<arg>carlos2912</arg>
<kw name="Get Title" library="Browser">
<arg>==</arg>
<arg>Login - Didatikos</arg>
<tag>Assertion</tag>
<tag>Getter</tag>
<tag>PageContent</tag>
<doc>Returns the title of the current page.</doc>
<status status="PASS" starttime="20221216 20:21:34.827" endtime="20221216 20:21:34.834"/>
</kw>
<kw name="Fill Text" library="Browser">
<arg>id=email</arg>
<arg>${VALUE_EMAIL}</arg>
<tag>PageContent</tag>
<tag>Setter</tag>
<doc>Clears and fills the given ``txt`` into the text field found by ``selector``.</doc>
<msg timestamp="20221216 20:21:34.834" level="INFO">Fills the text 'didatikoseduca@gmail.com' in the given field.</msg>
<status status="PASS" starttime="20221216 20:21:34.834" endtime="20221216 20:21:34.879"/>
</kw>
<kw name="Fill Text" library="Browser">
<arg>id=password</arg>
<arg>${VALUE_SENHA}</arg>
<tag>PageContent</tag>
<tag>Setter</tag>
<doc>Clears and fills the given ``txt`` into the text field found by ``selector``.</doc>
<msg timestamp="20221216 20:21:34.880" level="INFO">Fills the text 'carlos2912' in the given field.</msg>
<status status="PASS" starttime="20221216 20:21:34.880" endtime="20221216 20:21:34.898"/>
</kw>
<kw name="Click" library="Browser">
<arg>xpath=//button</arg>
<tag>PageContent</tag>
<tag>Setter</tag>
<doc>Simulates mouse click on the element found by ``selector``.</doc>
<status status="PASS" starttime="20221216 20:21:34.898" endtime="20221216 20:21:34.991"/>
</kw>
<status status="PASS" starttime="20221216 20:21:34.827" endtime="20221216 20:21:34.991"/>
</kw>
<kw name="Verificar login com sucesso perfil escola" library="loginPage">
<kw name="Get Element" library="Browser">
<arg>xpath=//title[text()='Página Inicial - Didatikos']</arg>
<tag>Getter</tag>
<tag>PageContent</tag>
<doc>Returns a reference to a Playwright [https://playwright.dev/docs/api/class-locator|Locator].</doc>
<msg timestamp="20221216 20:21:37.535" level="INFO">Locator found successfully.</msg>
<status status="PASS" starttime="20221216 20:21:34.992" endtime="20221216 20:21:37.535"/>
</kw>
<kw name="Take Screenshot" library="Browser">
<tag>PageContent</tag>
<doc>Takes a screenshot of the current window or element and saves it to disk.</doc>
<msg timestamp="20221216 20:21:38.018" level="INFO" html="true">&lt;/td&gt;&lt;/tr&gt;&lt;tr&gt;&lt;td colspan="3"&gt;&lt;a href="browser/screenshot/robotframework-browser-screenshot-1.png"&gt;&lt;img src="browser/screenshot/robotframework-browser-screenshot-1.png" width="800px"&gt;&lt;/a&gt;</msg>
<status status="PASS" starttime="20221216 20:21:37.535" endtime="20221216 20:21:38.018"/>
</kw>
<status status="PASS" starttime="20221216 20:21:34.992" endtime="20221216 20:21:38.018"/>
</kw>
<status status="PASS" starttime="20221216 20:21:34.827" endtime="20221216 20:21:38.018"/>
</kw>
<kw name="Acessar Quadro de Aulas" library="homeEscolaPage" sourcename="Acessar ${BTN_ACOES_HOME}">
<kw name="Click" library="Browser">
<arg>xpath=//*[@class='f-16 text-bold px-15px'][text()='${BTN_ACOES_HOME}']</arg>
<tag>PageContent</tag>
<tag>Setter</tag>
<doc>Simulates mouse click on the element found by ``selector``.</doc>
<status status="PASS" starttime="20221216 20:21:38.019" endtime="20221216 20:21:38.736"/>
</kw>
<status status="PASS" starttime="20221216 20:21:38.019" endtime="20221216 20:21:38.736"/>
</kw>
<status status="PASS" starttime="20221216 20:21:29.784" endtime="20221216 20:21:38.737"/>
</test>
<test id="s1-t2" name="Validar Ambiente de Treinamento" line="21">
<kw name="Iniciar testes" library="baseTestes" type="SETUP">
<kw name="Set Browser Timeout" library="Browser">
<var>${old_timeout}</var>
<arg>30 seconds</arg>
<tag>Config</tag>
<tag>Setter</tag>
<doc>Sets the timeout used by most input and getter keywords.</doc>
<msg timestamp="20221216 20:21:38.852" level="INFO">No context open.</msg>
<msg timestamp="20221216 20:21:38.853" level="INFO">${old_timeout} = 10 seconds</msg>
<status status="PASS" starttime="20221216 20:21:38.849" endtime="20221216 20:21:38.853"/>
</kw>
<kw name="Open Browser" library="Browser">
<arg>http://didatikos-hmg.didatikos.com.br/ava/login</arg>
<arg>headless=False</arg>
<tag>BrowserControl</tag>
<tag>Setter</tag>
<doc>Opens a new browser instance. Use this keyword for quick experiments or debugging sessions.</doc>
<msg timestamp="20221216 20:21:38.854" level="WARN">Open Browser is for quick experimentation and debugging only. Use New Page for production.</msg>
<msg timestamp="20221216 20:21:38.856" level="INFO">{"browser": "chromium", "headless": false, "devtools": false, "handleSIGHUP": true, "handleSIGINT": true, "handleSIGTERM": true, "slowMo": 0.0, "timeout": 30000.0, "deprecated_pos_args": [], "tracesDir": "C:\\Users\\leand\\Desktop\\Projeto Git Didatikos\\didatikos_automation_test_web\\Didatikos\\logs\\browser\\traces\\97d29c11-0213-4932-8f31-e0e2a1d796f8"}</msg>
<msg timestamp="20221216 20:21:40.174" level="INFO">Successfully created browser with options: {"browser":"chromium","headless":false,"devtools":false,"handleSIGHUP":true,"handleSIGINT":true,"handleSIGTERM":true,"slowMo":0,"timeout":30000,"deprecated_pos_args":[],"tracesDir":"C:\\Users\\leand\\Desktop\\Projeto Git Didatikos\\didatikos_automation_test_web\\Didatikos\\logs\\browser\\traces\\97d29c11-0213-4932-8f31-e0e2a1d796f8"}</msg>
<msg timestamp="20221216 20:21:40.175" level="INFO">{
  "acceptDownloads": true,
  "bypassCSP": true,
  "forcedColors": "none",
  "hideRfBrowser": false,
  "ignoreHTTPSErrors": false,
  "javaScriptEnabled": true,
  "offline": false,
  "reducedMotion": "no-preference",
  "viewport": {
    "width": 1280,
    "height": 720
  },
  "deprecated_pos_args": []
}</msg>
<msg timestamp="20221216 20:21:40.192" level="INFO">Successfully created context. </msg>
<msg timestamp="20221216 20:21:40.192" level="INFO">{'acceptDownloads': True, 'bypassCSP': True, 'forcedColors': 'none', 'hideRfBrowser': False, 'ignoreHTTPSErrors': False, 'javaScriptEnabled': True, 'offline': False, 'reducedMotion': 'no-preference', 'viewport': {'width': 1280, 'height': 720}, 'deprecated_pos_args': []}</msg>
<msg timestamp="20221216 20:21:43.835" level="INFO">Successfully initialized new page object and opened url: http://didatikos-hmg.didatikos.com.br/ava/login</msg>
<status status="PASS" starttime="20221216 20:21:38.853" endtime="20221216 20:21:43.835"/>
</kw>
<kw name="Set Browser Timeout" library="Browser">
<arg>${old_timeout}</arg>
<tag>Config</tag>
<tag>Setter</tag>
<doc>Sets the timeout used by most input and getter keywords.</doc>
<msg timestamp="20221216 20:21:43.839" level="INFO">Set timeout to: 10000</msg>
<status status="PASS" starttime="20221216 20:21:43.836" endtime="20221216 20:21:43.839"/>
</kw>
<status status="PASS" starttime="20221216 20:21:38.849" endtime="20221216 20:21:43.840"/>
</kw>
<kw name="Login com perfil Escola" library="loginPage">
<kw name="Preencher login" library="loginPage">
<arg>didatikoseduca@gmail.com</arg>
<arg>carlos2912</arg>
<kw name="Get Title" library="Browser">
<arg>==</arg>
<arg>Login - Didatikos</arg>
<tag>Assertion</tag>
<tag>Getter</tag>
<tag>PageContent</tag>
<doc>Returns the title of the current page.</doc>
<status status="PASS" starttime="20221216 20:21:43.842" endtime="20221216 20:21:43.848"/>
</kw>
<kw name="Fill Text" library="Browser">
<arg>id=email</arg>
<arg>${VALUE_EMAIL}</arg>
<tag>PageContent</tag>
<tag>Setter</tag>
<doc>Clears and fills the given ``txt`` into the text field found by ``selector``.</doc>
<msg timestamp="20221216 20:21:43.848" level="INFO">Fills the text 'didatikoseduca@gmail.com' in the given field.</msg>
<status status="PASS" starttime="20221216 20:21:43.848" endtime="20221216 20:21:43.887"/>
</kw>
<kw name="Fill Text" library="Browser">
<arg>id=password</arg>
<arg>${VALUE_SENHA}</arg>
<tag>PageContent</tag>
<tag>Setter</tag>
<doc>Clears and fills the given ``txt`` into the text field found by ``selector``.</doc>
<msg timestamp="20221216 20:21:43.887" level="INFO">Fills the text 'carlos2912' in the given field.</msg>
<status status="PASS" starttime="20221216 20:21:43.887" endtime="20221216 20:21:43.907"/>
</kw>
<kw name="Click" library="Browser">
<arg>xpath=//button</arg>
<tag>PageContent</tag>
<tag>Setter</tag>
<doc>Simulates mouse click on the element found by ``selector``.</doc>
<status status="PASS" starttime="20221216 20:21:43.907" endtime="20221216 20:21:44.013"/>
</kw>
<status status="PASS" starttime="20221216 20:21:43.841" endtime="20221216 20:21:44.013"/>
</kw>
<kw name="Verificar login com sucesso perfil escola" library="loginPage">
<kw name="Get Element" library="Browser">
<arg>xpath=//title[text()='Página Inicial - Didatikos']</arg>
<tag>Getter</tag>
<tag>PageContent</tag>
<doc>Returns a reference to a Playwright [https://playwright.dev/docs/api/class-locator|Locator].</doc>
<msg timestamp="20221216 20:21:46.914" level="INFO">Locator found successfully.</msg>
<status status="PASS" starttime="20221216 20:21:44.014" endtime="20221216 20:21:46.914"/>
</kw>
<kw name="Take Screenshot" library="Browser">
<tag>PageContent</tag>
<doc>Takes a screenshot of the current window or element and saves it to disk.</doc>
<msg timestamp="20221216 20:21:47.170" level="INFO" html="true">&lt;/td&gt;&lt;/tr&gt;&lt;tr&gt;&lt;td colspan="3"&gt;&lt;a href="browser/screenshot/robotframework-browser-screenshot-2.png"&gt;&lt;img src="browser/screenshot/robotframework-browser-screenshot-2.png" width="800px"&gt;&lt;/a&gt;</msg>
<status status="PASS" starttime="20221216 20:21:46.914" endtime="20221216 20:21:47.170"/>
</kw>
<status status="PASS" starttime="20221216 20:21:44.014" endtime="20221216 20:21:47.171"/>
</kw>
<status status="PASS" starttime="20221216 20:21:43.841" endtime="20221216 20:21:47.171"/>
</kw>
<kw name="Acessar Ambiente de Treinamento" library="homeEscolaPage" sourcename="Acessar ${BTN_ACOES_HOME}">
<kw name="Click" library="Browser">
<arg>xpath=//*[@class='f-16 text-bold px-15px'][text()='${BTN_ACOES_HOME}']</arg>
<tag>PageContent</tag>
<tag>Setter</tag>
<doc>Simulates mouse click on the element found by ``selector``.</doc>
<status status="PASS" starttime="20221216 20:21:47.172" endtime="20221216 20:21:47.781"/>
</kw>
<status status="PASS" starttime="20221216 20:21:47.172" endtime="20221216 20:21:47.781"/>
</kw>
<kw name="Sleep" library="BuiltIn">
<arg>5seconds</arg>
<doc>Pauses the test executed for the given time.</doc>
<msg timestamp="20221216 20:21:52.783" level="INFO">Slept 5 seconds</msg>
<status status="PASS" starttime="20221216 20:21:47.782" endtime="20221216 20:21:52.783"/>
</kw>
<status status="PASS" starttime="20221216 20:21:38.844" endtime="20221216 20:21:52.783"/>
</test>
<test id="s1-t3" name="Validar Avaliações / Simulados" line="26">
<kw name="Iniciar testes" library="baseTestes" type="SETUP">
<kw name="Set Browser Timeout" library="Browser">
<var>${old_timeout}</var>
<arg>30 seconds</arg>
<tag>Config</tag>
<tag>Setter</tag>
<doc>Sets the timeout used by most input and getter keywords.</doc>
<msg timestamp="20221216 20:21:52.883" level="INFO">No context open.</msg>
<msg timestamp="20221216 20:21:52.884" level="INFO">${old_timeout} = 10 seconds</msg>
<status status="PASS" starttime="20221216 20:21:52.881" endtime="20221216 20:21:52.884"/>
</kw>
<kw name="Open Browser" library="Browser">
<arg>http://didatikos-hmg.didatikos.com.br/ava/login</arg>
<arg>headless=False</arg>
<tag>BrowserControl</tag>
<tag>Setter</tag>
<doc>Opens a new browser instance. Use this keyword for quick experiments or debugging sessions.</doc>
<msg timestamp="20221216 20:21:52.885" level="WARN">Open Browser is for quick experimentation and debugging only. Use New Page for production.</msg>
<msg timestamp="20221216 20:21:52.888" level="INFO">{"browser": "chromium", "headless": false, "devtools": false, "handleSIGHUP": true, "handleSIGINT": true, "handleSIGTERM": true, "slowMo": 0.0, "timeout": 30000.0, "deprecated_pos_args": [], "tracesDir": "C:\\Users\\leand\\Desktop\\Projeto Git Didatikos\\didatikos_automation_test_web\\Didatikos\\logs\\browser\\traces\\281a394d-fbff-4906-b3f3-abd05123fab7"}</msg>
<msg timestamp="20221216 20:21:54.258" level="INFO">Successfully created browser with options: {"browser":"chromium","headless":false,"devtools":false,"handleSIGHUP":true,"handleSIGINT":true,"handleSIGTERM":true,"slowMo":0,"timeout":30000,"deprecated_pos_args":[],"tracesDir":"C:\\Users\\leand\\Desktop\\Projeto Git Didatikos\\didatikos_automation_test_web\\Didatikos\\logs\\browser\\traces\\281a394d-fbff-4906-b3f3-abd05123fab7"}</msg>
<msg timestamp="20221216 20:21:54.261" level="INFO">{
  "acceptDownloads": true,
  "bypassCSP": true,
  "forcedColors": "none",
  "hideRfBrowser": false,
  "ignoreHTTPSErrors": false,
  "javaScriptEnabled": true,
  "offline": false,
  "reducedMotion": "no-preference",
  "viewport": {
    "width": 1280,
    "height": 720
  },
  "deprecated_pos_args": []
}</msg>
<msg timestamp="20221216 20:21:54.279" level="INFO">Successfully created context. </msg>
<msg timestamp="20221216 20:21:54.279" level="INFO">{'acceptDownloads': True, 'bypassCSP': True, 'forcedColors': 'none', 'hideRfBrowser': False, 'ignoreHTTPSErrors': False, 'javaScriptEnabled': True, 'offline': False, 'reducedMotion': 'no-preference', 'viewport': {'width': 1280, 'height': 720}, 'deprecated_pos_args': []}</msg>
<msg timestamp="20221216 20:21:57.748" level="INFO">Successfully initialized new page object and opened url: http://didatikos-hmg.didatikos.com.br/ava/login</msg>
<status status="PASS" starttime="20221216 20:21:52.884" endtime="20221216 20:21:57.749"/>
</kw>
<kw name="Set Browser Timeout" library="Browser">
<arg>${old_timeout}</arg>
<tag>Config</tag>
<tag>Setter</tag>
<doc>Sets the timeout used by most input and getter keywords.</doc>
<msg timestamp="20221216 20:21:57.752" level="INFO">Set timeout to: 10000</msg>
<status status="PASS" starttime="20221216 20:21:57.749" endtime="20221216 20:21:57.752"/>
</kw>
<status status="PASS" starttime="20221216 20:21:52.880" endtime="20221216 20:21:57.752"/>
</kw>
<kw name="Login com perfil Escola" library="loginPage">
<kw name="Preencher login" library="loginPage">
<arg>didatikoseduca@gmail.com</arg>
<arg>carlos2912</arg>
<kw name="Get Title" library="Browser">
<arg>==</arg>
<arg>Login - Didatikos</arg>
<tag>Assertion</tag>
<tag>Getter</tag>
<tag>PageContent</tag>
<doc>Returns the title of the current page.</doc>
<status status="PASS" starttime="20221216 20:21:57.753" endtime="20221216 20:21:57.758"/>
</kw>
<kw name="Fill Text" library="Browser">
<arg>id=email</arg>
<arg>${VALUE_EMAIL}</arg>
<tag>PageContent</tag>
<tag>Setter</tag>
<doc>Clears and fills the given ``txt`` into the text field found by ``selector``.</doc>
<msg timestamp="20221216 20:21:57.759" level="INFO">Fills the text 'didatikoseduca@gmail.com' in the given field.</msg>
<status status="PASS" starttime="20221216 20:21:57.759" endtime="20221216 20:21:57.798"/>
</kw>
<kw name="Fill Text" library="Browser">
<arg>id=password</arg>
<arg>${VALUE_SENHA}</arg>
<tag>PageContent</tag>
<tag>Setter</tag>
<doc>Clears and fills the given ``txt`` into the text field found by ``selector``.</doc>
<msg timestamp="20221216 20:21:57.799" level="INFO">Fills the text 'carlos2912' in the given field.</msg>
<status status="PASS" starttime="20221216 20:21:57.799" endtime="20221216 20:21:57.816"/>
</kw>
<kw name="Click" library="Browser">
<arg>xpath=//button</arg>
<tag>PageContent</tag>
<tag>Setter</tag>
<doc>Simulates mouse click on the element found by ``selector``.</doc>
<status status="PASS" starttime="20221216 20:21:57.816" endtime="20221216 20:21:57.879"/>
</kw>
<status status="PASS" starttime="20221216 20:21:57.753" endtime="20221216 20:21:57.880"/>
</kw>
<kw name="Verificar login com sucesso perfil escola" library="loginPage">
<kw name="Get Element" library="Browser">
<arg>xpath=//title[text()='Página Inicial - Didatikos']</arg>
<tag>Getter</tag>
<tag>PageContent</tag>
<doc>Returns a reference to a Playwright [https://playwright.dev/docs/api/class-locator|Locator].</doc>
<msg timestamp="20221216 20:22:00.662" level="INFO">Locator found successfully.</msg>
<status status="PASS" starttime="20221216 20:21:57.880" endtime="20221216 20:22:00.663"/>
</kw>
<kw name="Take Screenshot" library="Browser">
<tag>PageContent</tag>
<doc>Takes a screenshot of the current window or element and saves it to disk.</doc>
<msg timestamp="20221216 20:22:01.132" level="INFO" html="true">&lt;/td&gt;&lt;/tr&gt;&lt;tr&gt;&lt;td colspan="3"&gt;&lt;a href="browser/screenshot/robotframework-browser-screenshot-3.png"&gt;&lt;img src="browser/screenshot/robotframework-browser-screenshot-3.png" width="800px"&gt;&lt;/a&gt;</msg>
<status status="PASS" starttime="20221216 20:22:00.663" endtime="20221216 20:22:01.132"/>
</kw>
<status status="PASS" starttime="20221216 20:21:57.880" endtime="20221216 20:22:01.132"/>
</kw>
<status status="PASS" starttime="20221216 20:21:57.753" endtime="20221216 20:22:01.132"/>
</kw>
<kw name="Acessar Avaliações / Simulados" library="homeEscolaPage" sourcename="Acessar ${BTN_ACOES_HOME}">
<kw name="Click" library="Browser">
<arg>xpath=//*[@class='f-16 text-bold px-15px'][text()='${BTN_ACOES_HOME}']</arg>
<tag>PageContent</tag>
<tag>Setter</tag>
<doc>Simulates mouse click on the element found by ``selector``.</doc>
<status status="PASS" starttime="20221216 20:22:01.133" endtime="20221216 20:22:02.104"/>
</kw>
<status status="PASS" starttime="20221216 20:22:01.133" endtime="20221216 20:22:02.104"/>
</kw>
<status status="PASS" starttime="20221216 20:21:52.876" endtime="20221216 20:22:02.105"/>
</test>
<test id="s1-t4" name="Validar Eventos" line="30">
<kw name="Iniciar testes" library="baseTestes" type="SETUP">
<kw name="Set Browser Timeout" library="Browser">
<var>${old_timeout}</var>
<arg>30 seconds</arg>
<tag>Config</tag>
<tag>Setter</tag>
<doc>Sets the timeout used by most input and getter keywords.</doc>
<msg timestamp="20221216 20:22:02.207" level="INFO">No context open.</msg>
<msg timestamp="20221216 20:22:02.207" level="INFO">${old_timeout} = 10 seconds</msg>
<status status="PASS" starttime="20221216 20:22:02.204" endtime="20221216 20:22:02.208"/>
</kw>
<kw name="Open Browser" library="Browser">
<arg>http://didatikos-hmg.didatikos.com.br/ava/login</arg>
<arg>headless=False</arg>
<tag>BrowserControl</tag>
<tag>Setter</tag>
<doc>Opens a new browser instance. Use this keyword for quick experiments or debugging sessions.</doc>
<msg timestamp="20221216 20:22:02.209" level="WARN">Open Browser is for quick experimentation and debugging only. Use New Page for production.</msg>
<msg timestamp="20221216 20:22:02.211" level="INFO">{"browser": "chromium", "headless": false, "devtools": false, "handleSIGHUP": true, "handleSIGINT": true, "handleSIGTERM": true, "slowMo": 0.0, "timeout": 30000.0, "deprecated_pos_args": [], "tracesDir": "C:\\Users\\leand\\Desktop\\Projeto Git Didatikos\\didatikos_automation_test_web\\Didatikos\\logs\\browser\\traces\\64ce9541-dec5-4584-bcf4-14ea6ed82004"}</msg>
<msg timestamp="20221216 20:22:03.782" level="INFO">Successfully created browser with options: {"browser":"chromium","headless":false,"devtools":false,"handleSIGHUP":true,"handleSIGINT":true,"handleSIGTERM":true,"slowMo":0,"timeout":30000,"deprecated_pos_args":[],"tracesDir":"C:\\Users\\leand\\Desktop\\Projeto Git Didatikos\\didatikos_automation_test_web\\Didatikos\\logs\\browser\\traces\\64ce9541-dec5-4584-bcf4-14ea6ed82004"}</msg>
<msg timestamp="20221216 20:22:03.783" level="INFO">{
  "acceptDownloads": true,
  "bypassCSP": true,
  "forcedColors": "none",
  "hideRfBrowser": false,
  "ignoreHTTPSErrors": false,
  "javaScriptEnabled": true,
  "offline": false,
  "reducedMotion": "no-preference",
  "viewport": {
    "width": 1280,
    "height": 720
  },
  "deprecated_pos_args": []
}</msg>
<msg timestamp="20221216 20:22:03.796" level="INFO">Successfully created context. </msg>
<msg timestamp="20221216 20:22:03.796" level="INFO">{'acceptDownloads': True, 'bypassCSP': True, 'forcedColors': 'none', 'hideRfBrowser': False, 'ignoreHTTPSErrors': False, 'javaScriptEnabled': True, 'offline': False, 'reducedMotion': 'no-preference', 'viewport': {'width': 1280, 'height': 720}, 'deprecated_pos_args': []}</msg>
<msg timestamp="20221216 20:22:07.373" level="INFO">Successfully initialized new page object and opened url: http://didatikos-hmg.didatikos.com.br/ava/login</msg>
<status status="PASS" starttime="20221216 20:22:02.208" endtime="20221216 20:22:07.373"/>
</kw>
<kw name="Set Browser Timeout" library="Browser">
<arg>${old_timeout}</arg>
<tag>Config</tag>
<tag>Setter</tag>
<doc>Sets the timeout used by most input and getter keywords.</doc>
<msg timestamp="20221216 20:22:07.376" level="INFO">Set timeout to: 10000</msg>
<status status="PASS" starttime="20221216 20:22:07.373" endtime="20221216 20:22:07.376"/>
</kw>
<status status="PASS" starttime="20221216 20:22:02.204" endtime="20221216 20:22:07.377"/>
</kw>
<kw name="Login com perfil Escola" library="loginPage">
<kw name="Preencher login" library="loginPage">
<arg>didatikoseduca@gmail.com</arg>
<arg>carlos2912</arg>
<kw name="Get Title" library="Browser">
<arg>==</arg>
<arg>Login - Didatikos</arg>
<tag>Assertion</tag>
<tag>Getter</tag>
<tag>PageContent</tag>
<doc>Returns the title of the current page.</doc>
<status status="PASS" starttime="20221216 20:22:07.378" endtime="20221216 20:22:07.384"/>
</kw>
<kw name="Fill Text" library="Browser">
<arg>id=email</arg>
<arg>${VALUE_EMAIL}</arg>
<tag>PageContent</tag>
<tag>Setter</tag>
<doc>Clears and fills the given ``txt`` into the text field found by ``selector``.</doc>
<msg timestamp="20221216 20:22:07.385" level="INFO">Fills the text 'didatikoseduca@gmail.com' in the given field.</msg>
<status status="PASS" starttime="20221216 20:22:07.384" endtime="20221216 20:22:07.432"/>
</kw>
<kw name="Fill Text" library="Browser">
<arg>id=password</arg>
<arg>${VALUE_SENHA}</arg>
<tag>PageContent</tag>
<tag>Setter</tag>
<doc>Clears and fills the given ``txt`` into the text field found by ``selector``.</doc>
<msg timestamp="20221216 20:22:07.433" level="INFO">Fills the text 'carlos2912' in the given field.</msg>
<status status="PASS" starttime="20221216 20:22:07.432" endtime="20221216 20:22:07.453"/>
</kw>
<kw name="Click" library="Browser">
<arg>xpath=//button</arg>
<tag>PageContent</tag>
<tag>Setter</tag>
<doc>Simulates mouse click on the element found by ``selector``.</doc>
<status status="PASS" starttime="20221216 20:22:07.453" endtime="20221216 20:22:07.487"/>
</kw>
<status status="PASS" starttime="20221216 20:22:07.378" endtime="20221216 20:22:07.488"/>
</kw>
<kw name="Verificar login com sucesso perfil escola" library="loginPage">
<kw name="Get Element" library="Browser">
<arg>xpath=//title[text()='Página Inicial - Didatikos']</arg>
<tag>Getter</tag>
<tag>PageContent</tag>
<doc>Returns a reference to a Playwright [https://playwright.dev/docs/api/class-locator|Locator].</doc>
<msg timestamp="20221216 20:22:09.881" level="INFO">Locator found successfully.</msg>
<status status="PASS" starttime="20221216 20:22:07.488" endtime="20221216 20:22:09.882"/>
</kw>
<kw name="Take Screenshot" library="Browser">
<tag>PageContent</tag>
<doc>Takes a screenshot of the current window or element and saves it to disk.</doc>
<msg timestamp="20221216 20:22:10.369" level="INFO" html="true">&lt;/td&gt;&lt;/tr&gt;&lt;tr&gt;&lt;td colspan="3"&gt;&lt;a href="browser/screenshot/robotframework-browser-screenshot-4.png"&gt;&lt;img src="browser/screenshot/robotframework-browser-screenshot-4.png" width="800px"&gt;&lt;/a&gt;</msg>
<status status="PASS" starttime="20221216 20:22:09.882" endtime="20221216 20:22:10.370"/>
</kw>
<status status="PASS" starttime="20221216 20:22:07.488" endtime="20221216 20:22:10.370"/>
</kw>
<status status="PASS" starttime="20221216 20:22:07.377" endtime="20221216 20:22:10.371"/>
</kw>
<kw name="Acessar Eventos" library="homeEscolaPage" sourcename="Acessar ${BTN_ACOES_HOME}">
<kw name="Click" library="Browser">
<arg>xpath=//*[@class='f-16 text-bold px-15px'][text()='${BTN_ACOES_HOME}']</arg>
<tag>PageContent</tag>
<tag>Setter</tag>
<doc>Simulates mouse click on the element found by ``selector``.</doc>
<status status="PASS" starttime="20221216 20:22:10.373" endtime="20221216 20:22:11.050"/>
</kw>
<status status="PASS" starttime="20221216 20:22:10.372" endtime="20221216 20:22:11.051"/>
</kw>
<status status="PASS" starttime="20221216 20:22:02.199" endtime="20221216 20:22:11.051"/>
</test>
<status status="PASS" starttime="20221216 20:21:28.426" endtime="20221216 20:22:11.240"/>
</suite>
<statistics>
<total>
<stat pass="4" fail="0" skip="0">All Tests</stat>
</total>
<tag>
</tag>
<suite>
<stat pass="4" fail="0" skip="0" id="s1" name="homeEscolaTestes">homeEscolaTestes</stat>
</suite>
</statistics>
<errors>
<msg timestamp="20221216 20:21:29.796" level="WARN">Open Browser is for quick experimentation and debugging only. Use New Page for production.</msg>
<msg timestamp="20221216 20:21:38.854" level="WARN">Open Browser is for quick experimentation and debugging only. Use New Page for production.</msg>
<msg timestamp="20221216 20:21:52.885" level="WARN">Open Browser is for quick experimentation and debugging only. Use New Page for production.</msg>
<msg timestamp="20221216 20:22:02.209" level="WARN">Open Browser is for quick experimentation and debugging only. Use New Page for production.</msg>
</errors>
</robot>
