<?xml version="1.0" encoding="UTF-8"?>
<robot generator="Robot 6.0.1 (Python 3.11.1 on win32)" generated="20221216 20:37:54.996" rpa="false" schemaversion="3">
<suite id="s1" name="Didatikos" source="C:\Users\leand\Desktop\Projeto Git Didatikos\didatikos_automation_test_web\Didatikos">
<suite id="s1-s1" name="Tests" source="C:\Users\leand\Desktop\Projeto Git Didatikos\didatikos_automation_test_web\Didatikos\tests">
<suite id="s1-s1-s1" name="homeEscolaTestes" source="C:\Users\leand\Desktop\Projeto Git Didatikos\didatikos_automation_test_web\Didatikos\tests\homeEscolaTestes.robot">
<test id="s1-s1-s1-t1" name="Validar Ambiente de Treinamento" line="21">
<kw name="Iniciar testes" library="baseTestes" type="SETUP">
<kw name="Set Browser Timeout" library="Browser">
<var>${old_timeout}</var>
<arg>30 seconds</arg>
<tag>Config</tag>
<tag>Setter</tag>
<doc>Sets the timeout used by most input and getter keywords.</doc>
<msg timestamp="20221216 20:37:56.575" level="INFO">${old_timeout} = 10 seconds</msg>
<status status="PASS" starttime="20221216 20:37:56.567" endtime="20221216 20:37:56.575"/>
</kw>
<kw name="Open Browser" library="Browser">
<arg>http://didatikos-hmg.didatikos.com.br/ava/login</arg>
<arg>headless=False</arg>
<tag>BrowserControl</tag>
<tag>Setter</tag>
<doc>Opens a new browser instance. Use this keyword for quick experiments or debugging sessions.</doc>
<msg timestamp="20221216 20:37:56.577" level="WARN">Open Browser is for quick experimentation and debugging only. Use New Page for production.</msg>
<msg timestamp="20221216 20:37:56.579" level="INFO">{"browser": "chromium", "headless": false, "devtools": false, "handleSIGHUP": true, "handleSIGINT": true, "handleSIGTERM": true, "slowMo": 0.0, "timeout": 30000.0, "deprecated_pos_args": [], "tracesDir": "C:\\Users\\leand\\Desktop\\Projeto Git Didatikos\\didatikos_automation_test_web\\Didatikos\\results\\browser\\traces\\d41f704e-a888-49c6-816a-353baa9053ab"}</msg>
<msg timestamp="20221216 20:37:58.778" level="INFO">Successfully created browser with options: {"browser":"chromium","headless":false,"devtools":false,"handleSIGHUP":true,"handleSIGINT":true,"handleSIGTERM":true,"slowMo":0,"timeout":30000,"deprecated_pos_args":[],"tracesDir":"C:\\Users\\leand\\Desktop\\Projeto Git Didatikos\\didatikos_automation_test_web\\Didatikos\\results\\browser\\traces\\d41f704e-a888-49c6-816a-353baa9053ab"}</msg>
<msg timestamp="20221216 20:37:58.779" level="INFO">{
  "acceptDownloads": true,
  "bypassCSP": true,
  "forcedColors": "none",
  "hideRfBrowser": false,
  "ignoreHTTPSErrors": false,
  "javaScriptEnabled": true,
  "offline": false,
  "reducedMotion": "no-preference",
  "viewport": {
    "height": 720,
    "width": 1280
  },
  "deprecated_pos_args": []
}</msg>
<msg timestamp="20221216 20:37:58.801" level="INFO">Successfully created context. </msg>
<msg timestamp="20221216 20:37:58.802" level="INFO">{'acceptDownloads': True, 'bypassCSP': True, 'forcedColors': 'none', 'hideRfBrowser': False, 'ignoreHTTPSErrors': False, 'javaScriptEnabled': True, 'offline': False, 'reducedMotion': 'no-preference', 'viewport': {'height': 720, 'width': 1280}, 'deprecated_pos_args': []}</msg>
<msg timestamp="20221216 20:38:04.380" level="INFO">Successfully initialized new page object and opened url: http://didatikos-hmg.didatikos.com.br/ava/login</msg>
<status status="PASS" starttime="20221216 20:37:56.576" endtime="20221216 20:38:04.381"/>
</kw>
<kw name="Set Browser Timeout" library="Browser">
<arg>${old_timeout}</arg>
<tag>Config</tag>
<tag>Setter</tag>
<doc>Sets the timeout used by most input and getter keywords.</doc>
<msg timestamp="20221216 20:38:04.388" level="INFO">Set timeout to: 10000</msg>
<status status="PASS" starttime="20221216 20:38:04.381" endtime="20221216 20:38:04.389"/>
</kw>
<status status="PASS" starttime="20221216 20:37:56.567" endtime="20221216 20:38:04.390"/>
</kw>
<kw name="Login com perfil Escola" library="loginPage">
<kw name="Preencher login" library="loginPage">
<arg>didatikoseduca@gmail.com</arg>
<arg>carlos2912</arg>
<kw name="Get Title" library="Browser">
<arg>==</arg>
<arg>Login - Didatikos</arg>
<tag>Assertion</tag>
<tag>Getter</tag>
<tag>PageContent</tag>
<doc>Returns the title of the current page.</doc>
<status status="PASS" starttime="20221216 20:38:04.393" endtime="20221216 20:38:04.401"/>
</kw>
<kw name="Fill Text" library="Browser">
<arg>id=email</arg>
<arg>${VALUE_EMAIL}</arg>
<tag>PageContent</tag>
<tag>Setter</tag>
<doc>Clears and fills the given ``txt`` into the text field found by ``selector``.</doc>
<msg timestamp="20221216 20:38:04.402" level="INFO">Fills the text 'didatikoseduca@gmail.com' in the given field.</msg>
<status status="PASS" starttime="20221216 20:38:04.401" endtime="20221216 20:38:04.448"/>
</kw>
<kw name="Fill Text" library="Browser">
<arg>id=password</arg>
<arg>${VALUE_SENHA}</arg>
<tag>PageContent</tag>
<tag>Setter</tag>
<doc>Clears and fills the given ``txt`` into the text field found by ``selector``.</doc>
<msg timestamp="20221216 20:38:04.448" level="INFO">Fills the text 'carlos2912' in the given field.</msg>
<status status="PASS" starttime="20221216 20:38:04.448" endtime="20221216 20:38:04.472"/>
</kw>
<kw name="Click" library="Browser">
<arg>xpath=//button</arg>
<tag>PageContent</tag>
<tag>Setter</tag>
<doc>Simulates mouse click on the element found by ``selector``.</doc>
<status status="PASS" starttime="20221216 20:38:04.472" endtime="20221216 20:38:04.534"/>
</kw>
<status status="PASS" starttime="20221216 20:38:04.392" endtime="20221216 20:38:04.534"/>
</kw>
<kw name="Verificar login com sucesso perfil escola" library="loginPage">
<kw name="Get Element" library="Browser">
<arg>xpath=//title[text()='Página Inicial - Didatikos']</arg>
<tag>Getter</tag>
<tag>PageContent</tag>
<doc>Returns a reference to a Playwright [https://playwright.dev/docs/api/class-locator|Locator].</doc>
<msg timestamp="20221216 20:38:06.906" level="INFO">Locator found successfully.</msg>
<status status="PASS" starttime="20221216 20:38:04.535" endtime="20221216 20:38:06.907"/>
</kw>
<kw name="Take Screenshot" library="Browser">
<tag>PageContent</tag>
<doc>Takes a screenshot of the current window or element and saves it to disk.</doc>
<msg timestamp="20221216 20:38:07.350" level="INFO" html="true">&lt;/td&gt;&lt;/tr&gt;&lt;tr&gt;&lt;td colspan="3"&gt;&lt;a href="browser/screenshot/robotframework-browser-screenshot-1.png"&gt;&lt;img src="browser/screenshot/robotframework-browser-screenshot-1.png" width="800px"&gt;&lt;/a&gt;</msg>
<status status="PASS" starttime="20221216 20:38:06.908" endtime="20221216 20:38:07.351"/>
</kw>
<status status="PASS" starttime="20221216 20:38:04.535" endtime="20221216 20:38:07.352"/>
</kw>
<status status="PASS" starttime="20221216 20:38:04.390" endtime="20221216 20:38:07.352"/>
</kw>
<kw name="Acessar Ambiente de Treinamento" library="homeEscolaPage" sourcename="Acessar ${BTN_ACOES_HOME}">
<kw name="Click" library="Browser">
<arg>xpath=//*[@class='f-16 text-bold px-15px'][text()='${BTN_ACOES_HOME}']</arg>
<tag>PageContent</tag>
<tag>Setter</tag>
<doc>Simulates mouse click on the element found by ``selector``.</doc>
<status status="PASS" starttime="20221216 20:38:07.353" endtime="20221216 20:38:08.067"/>
</kw>
<status status="PASS" starttime="20221216 20:38:07.353" endtime="20221216 20:38:08.067"/>
</kw>
<kw name="Verificar acesso da página Ambiente de Treinamento" library="homeEscolaPage">
<kw name="Get Title" library="Browser">
<arg>==</arg>
<arg>Trilhas - Didatikos</arg>
<tag>Assertion</tag>
<tag>Getter</tag>
<tag>PageContent</tag>
<doc>Returns the title of the current page.</doc>
<status status="PASS" starttime="20221216 20:38:08.068" endtime="20221216 20:38:08.074"/>
</kw>
<kw name="Sleep" library="BuiltIn">
<arg>3seconds</arg>
<doc>Pauses the test executed for the given time.</doc>
<msg timestamp="20221216 20:38:11.077" level="INFO">Slept 3 seconds</msg>
<status status="PASS" starttime="20221216 20:38:08.075" endtime="20221216 20:38:11.078"/>
</kw>
<status status="PASS" starttime="20221216 20:38:08.068" endtime="20221216 20:38:11.078"/>
</kw>
<status status="PASS" starttime="20221216 20:37:56.563" endtime="20221216 20:38:11.079"/>
</test>
<status status="PASS" starttime="20221216 20:37:55.043" endtime="20221216 20:38:11.184"/>
</suite>
<status status="PASS" starttime="20221216 20:37:55.039" endtime="20221216 20:38:11.190"/>
</suite>
<status status="PASS" starttime="20221216 20:37:55.009" endtime="20221216 20:38:11.196"/>
</suite>
<statistics>
<total>
<stat pass="1" fail="0" skip="0">All Tests</stat>
</total>
<tag>
</tag>
<suite>
<stat pass="1" fail="0" skip="0" id="s1" name="Didatikos">Didatikos</stat>
<stat pass="1" fail="0" skip="0" id="s1-s1" name="Tests">Didatikos.Tests</stat>
<stat pass="1" fail="0" skip="0" id="s1-s1-s1" name="homeEscolaTestes">Didatikos.Tests.homeEscolaTestes</stat>
</suite>
</statistics>
<errors>
<msg timestamp="20221216 20:37:56.577" level="WARN">Open Browser is for quick experimentation and debugging only. Use New Page for production.</msg>
</errors>
</robot>
